statistics:    ET:     00:00:00 CP:    0.01 BIO:0 DIO:0 PF:0 MEM:0
&run_setup
    lattice = fodo.lte,
    use_beamline = RING,
    rootname = {NULL},
    output = {NULL},
    centroid = {NULL},
    bpm_centroid = {NULL},
    sigma = {NULL},
    final = {NULL},
    acceptance = {NULL},
    losses = {NULL},
    losses_include_global_coordinates = 0,
    losses_s_limit[0] = -1.797693134862316e+308, 1.797693134862316e+308,
    magnets = data/fodo.mag,
    semaphore_file = {NULL},
    parameters = data/%s.param,
    suppress_parameter_defaults = 0,
    rfc_reference_output = {NULL},
    combine_bunch_statistics = 0,
    wrap_around = 1,
    final_pass = 0,
    default_order = 2,
    concat_order = 0,
    print_statistics = 0,
    show_element_timing = 0,
    monitor_memory_usage = 0,
    random_number_seed = 987654321,
    correction_iterations = 10,
    echo_lattice = 1,
    p_central = 0.000000000000000e+00,
    p_central_mev = 6.000000000000000e+03,
    always_change_p0 = 0,
    load_balancing_on = 0,
    random_sequence_No = 1,
    expand_for = {NULL},
    tracking_updates = 1,
    search_path = {NULL},
    element_divisions = 0,
    back_tracking = 0,
&end
Seeding random number generators
reading from file fodo.lte

B1H:CSBEND,L=1.3,ANGLE=0.31415926535897932384626433832795
QF:KQUAD,L=0.1,K1=1.7
QD:KQUAD,L=0.1,K1=-2.1
QS:KQUAD,L=0.1,TILT=0.7853981633974483,K1=0.0
SF:KSEXT,L=0.01,K2=50.0
DD:DRIFT,L=0.1
CXY:KICKER

CXY01:KICKER
CXY02:KICKER
CXY03:KICKER
CXY04:KICKER
CXY05:KICKER
CXY06:KICKER
CXY07:KICKER
CXY08:KICKER
CXY09:KICKER
CXY10:KICKER
CXY11:KICKER
CXY12:KICKER
CXY13:KICKER
CXY14:KICKER
CXY15:KICKER
CXY16:KICKER
CXY17:KICKER
CXY18:KICKER
CXY19:KICKER
CXY20:KICKER
CXY21:KICKER
CXY22:KICKER
CXY23:KICKER
CXY24:KICKER
CXY25:KICKER
CXY26:KICKER
CXY27:KICKER
CXY28:KICKER
CXY29:KICKER
CXY30:KICKER
CXY31:KICKER
CXY32:KICKER
CXY33:KICKER
CXY34:KICKER
CXY35:KICKER
CXY36:KICKER
CXY37:KICKER
CXY38:KICKER
CXY39:KICKER
CXY40:KICKER

BPM:MONI

M0:MARK

CELL:LINE=(B1H,CXY,DD,BPM,QF,DD,B1H,B1H,CXY,DD,BPM,QD,DD,B1H)
RING:LINE=(B1H,CXY01,DD,BPM,QF,SF,QS,DD,B1H,B1H,CXY02,DD,BPM,QD,DD,B1H,B1H,CXY03,DD,BPM,QF,SF,QS,DD,B1H,B1H,CXY04,DD,BPM,QD,DD,B1H,B1H,CXY05,DD,BPM,QF,SF,QS,DD,B1H,B1H,CXY06,DD,BPM,QD,DD,B1H,B1H,CXY07,DD,BPM,QF,SF,QS,DD,B1H,B1H,CXY08,DD,BPM,QD,DD,B1H,B1H,CXY09,DD,BPM,QF,SF,QS,DD,B1H,B1H,CXY10,DD,BPM,QD,DD,B1H,B1H,CXY11,DD,BPM,QF,SF,QS,DD,B1H,B1H,CXY12,DD,BPM,QD,DD,B1H,B1H,CXY13,DD,BPM,QF,SF,QS,DD,B1H,B1H,CXY14,DD,BPM,QD,DD,B1H,B1H,CXY15,DD,BPM,QF,SF,QS,DD,B1H,B1H,CXY16,DD,BPM,QD,DD,B1H,B1H,CXY17,DD,BPM,QF,SF,QS,DD,B1H,B1H,CXY18,DD,BPM,QD,DD,B1H,B1H,CXY19,DD,BPM,QF,SF,QS,DD,B1H,B1H,CXY20,DD,BPM,QD,DD,B1H,B1H,CXY21,DD,BPM,QF,SF,QS,DD,B1H,B1H,CXY22,DD,BPM,QD,DD,B1H,B1H,CXY23,DD,BPM,QF,SF,QS,DD,B1H,B1H,CXY24,DD,BPM,QD,DD,B1H,B1H,CXY25,DD,BPM,QF,SF,QS,DD,B1H,B1H,CXY26,DD,BPM,QD,DD,B1H,B1H,CXY27,DD,BPM,QF,SF,QS,DD,B1H,B1H,CXY28,DD,BPM,QD,DD,B1H,B1H,CXY29,DD,BPM,QF,SF,QS,DD,B1H,B1H,CXY30,DD,BPM,QD,DD,B1H,B1H,CXY31,DD,BPM,QF,SF,QS,DD,B1H,B1H,CXY32,DD,BPM,QD,DD,B1H,B1H,CXY33,DD,BPM,QF,SF,QS,DD,B1H,B1H,CXY34,DD,BPM,QD,DD,B1H,B1H,CXY35,DD,BPM,QF,SF,QS,DD,B1H,B1H,CXY36,DD,BPM,QD,DD,B1H,B1H,CXY37,DD,BPM,QF,SF,QS,DD,B1H,B1H,CXY38,DD,BPM,QD,DD,B1H,B1H,CXY39,DD,BPM,QF,SF,QS,DD,B1H,B1H,CXY40,DD,BPM,QD,DD,B1H,M0)
finished reading from files
statistics:    ET:     00:00:00 CP:    0.01 BIO:0 DIO:0 PF:0 MEM:0
Beginning organization of lattice input data.
statistics:    ET:     00:00:00 CP:    0.01 BIO:0 DIO:0 PF:0 MEM:0
Added B1H to hash table
Added CXY01 to hash table
Added DD to hash table
Added BPM to hash table
Added QF to hash table
Added SF to hash table
Added QS to hash table
Added CXY02 to hash table
Added QD to hash table
Added CXY03 to hash table
Added CXY04 to hash table
Added CXY05 to hash table
Added CXY06 to hash table
Added CXY07 to hash table
Added CXY08 to hash table
Added CXY09 to hash table
Added CXY10 to hash table
Added CXY11 to hash table
Added CXY12 to hash table
Added CXY13 to hash table
Added CXY14 to hash table
Added CXY15 to hash table
Added CXY16 to hash table
Added CXY17 to hash table
Added CXY18 to hash table
Added CXY19 to hash table
Added CXY20 to hash table
Added CXY21 to hash table
Added CXY22 to hash table
Added CXY23 to hash table
Added CXY24 to hash table
Added CXY25 to hash table
Added CXY26 to hash table
Added CXY27 to hash table
Added CXY28 to hash table
Added CXY29 to hash table
Added CXY30 to hash table
Added CXY31 to hash table
Added CXY32 to hash table
Added CXY33 to hash table
Added CXY34 to hash table
Added CXY35 to hash table
Added CXY36 to hash table
Added CXY37 to hash table
Added CXY38 to hash table
Added CXY39 to hash table
Added CXY40 to hash table
Added M0 to hash table
Created occurence hash table for 48 unique elements of 321 total elements
statistics:    ET:     00:00:00 CP:    0.01 BIO:0 DIO:0 PF:0 MEM:0
Step 1 done.
statistics:    ET:     00:00:00 CP:    0.01 BIO:0 DIO:0 PF:0 MEM:0
Step 2 done.
statistics:    ET:     00:00:00 CP:    0.01 BIO:0 DIO:0 PF:0 MEM:0
Step 3 done.
statistics:    ET:     00:00:00 CP:    0.01 BIO:0 DIO:0 PF:0 MEM:0
Step 4 done.
statistics:    ET:     00:00:00 CP:    0.01 BIO:0 DIO:0 PF:0 MEM:0
length of beamline RING per pass: 1.181999999999996e+02 m
statistics:    ET:     00:00:00 CP:    0.01 BIO:0 DIO:0 PF:0 MEM:0
&load_parameters
    filename = {NULL},
    filename_list = data/check.param,
    include_name_pattern = {NULL},
    include_item_pattern = {NULL},
    include_type_pattern = {NULL},
    exclude_name_pattern = {NULL},
    exclude_item_pattern = {NULL},
    exclude_type_pattern = {NULL},
    edit_name_command = {NULL},
    change_defined_values = 0,
    clear_settings = 0,
    allow_missing_files = 0,
    allow_missing_elements = 0,
    allow_missing_parameters = 0,
    force_occurence_data = 0,
    verbose = 0,
    skip_pages = 0,
    use_first = 0,
&end
Using list of filenames for parameter loading
Both numerical and string data columns present in file data/check.param. Will use the latter for actual string quantities only.
statistics:    ET:     00:00:00 CP:    0.01 BIO:0 DIO:0 PF:0 MEM:0
&run_control
    n_steps = 1,
    bunch_frequency = 0.000000000000000e+00,
    n_indices = 0,
    n_passes = 1,
    n_passes_fiducial = 0,
    terminate_on_failure = 0,
    reset_rf_for_each_step = 1,
    first_is_fiducial = 0,
    restrict_fiducialization = 0,
    reset_scattering_seed = 0,
&end
statistics:    ET:     00:00:00 CP:    0.01 BIO:0 DIO:0 PF:0 MEM:0
&twiss_output
    filename = data/%s.twi,
    matched = 1,
    output_at_each_step = 1,
    output_before_tune_correction = 0,
    final_values_only = 0,
    statistics = 0,
    radiation_integrals = 1,
    beta_x = 1.000000000000000e+00,
    alpha_x = 0.000000000000000e+00,
    eta_x = 0.000000000000000e+00,
    etap_x = 0.000000000000000e+00,
    beta_y = 1.000000000000000e+00,
    alpha_y = 0.000000000000000e+00,
    eta_y = 0.000000000000000e+00,
    etap_y = 0.000000000000000e+00,
    reference_file = {NULL},
    reference_element = {NULL},
    reference_element_occurrence = 0,
    reflect_reference_values = 0,
    concat_order = 3,
    higher_order_chromaticity = 1,
    higher_order_chromaticity_points = 5,
    higher_order_chromaticity_range = 2.000000000000000e-02,
    quick_higher_order_chromaticity = 0,
    chromatic_tune_spread_half_range = 0.000000000000000e+00,
    cavities_are_drifts_if_matched = 1,
    compute_driving_terms = 1,
    leading_order_driving_terms_only = 0,
    s_dependent_driving_terms_file = {NULL},
    local_dispersion = 1,
    n_periods = 1,
&end
statistics:    ET:     00:00:00 CP:    0.01 BIO:0 DIO:0 PF:0 MEM:0
&closed_orbit
    output = data/%s.clo,
    start_from_centroid = 1,
    start_from_dp_centroid = 0,
    closed_orbit_accuracy = 1.000000000000000e-06,
    closed_orbit_accuracy_requirement = 1.000000000000000e-07,
    closed_orbit_iterations = 100,
    fixed_length = 0,
    start_from_recirc = 0,
    verbosity = 1,
    iteration_fraction = 7.000000000000000e-01,
    fraction_multiplier = 1.050000000000000e+00,
    multiplier_interval = 5.000000000000000e+00,
    output_monitors_only = 0,
    tracking_turns = 0,
    disable = 0,
    immediate = 0,
&end
statistics:    ET:     00:00:00 CP:    0.01 BIO:0 DIO:0 PF:0 MEM:0
&bunched_beam
    bunch = {NULL},
    n_particles_per_bunch = 1,
    multiply_np_by_cores = 0,
    time_start = 0.000000000000000e+00,
    matched_to_cell = {NULL},
    emit_x = 0.000000000000000e+00,
    emit_nx = 0.000000000000000e+00,
    beta_x = 1.000000000000000e+00,
    alpha_x = 0.000000000000000e+00,
    eta_x = 0.000000000000000e+00,
    etap_x = 0.000000000000000e+00,
    emit_y = 0.000000000000000e+00,
    emit_ny = 0.000000000000000e+00,
    beta_y = 1.000000000000000e+00,
    alpha_y = 0.000000000000000e+00,
    eta_y = 0.000000000000000e+00,
    etap_y = 0.000000000000000e+00,
    use_twiss_command_values = 0,
    use_moments_output_values = 0,
    Po = 1.174170457378141e+04,
    sigma_dp = 0.000000000000000e+00,
    sigma_s = 0.000000000000000e+00,
    dp_s_coupling = 0.000000000000000e+00,
    emit_z = 0.000000000000000e+00,
    beta_z = 0.000000000000000e+00,
    alpha_z = 0.000000000000000e+00,
    momentum_chirp = 0.000000000000000e+00,
    one_random_bunch = 1,
    save_initial_coordinates = 1,
    limit_invariants = 0,
    symmetrize = 0,
    halton_sequence[0] = 0, 0, 0,
    halton_radix[0] = 0, 0, 0, 0, 0, 0,
    optimized_halton = 0,
    randomize_order[0] = 0, 0, 0,
    limit_in_4d = 0,
    enforce_rms_values[0] = 0, 0, 0,
    distribution_cutoff[0] = 2.000000000000000e+00, 2.000000000000000e+00, 2.000000000000000e+00,
    distribution_type[0] = gaussian, gaussian, gaussian,
    centroid[0] = 0.000000000000000e+00, 0.000000000000000e+00, 0.000000000000000e+00, 0.000000000000000e+00, 
        0.000000000000000e+00, 0.000000000000000e+00,
    first_is_fiducial = 0,
&end
statistics:    ET:     00:00:00 CP:    0.01 BIO:0 DIO:0 PF:0 MEM:0
&track
    center_on_orbit = 0,
    center_momentum_also = 1,
    offset_by_orbit = 0,
    offset_momentum_also = 1,
    soft_failure = 1,
    use_linear_chromatic_matrix = 0,
    longitudinal_ring_only = 0,
    ibs_only = 0,
    stop_tracking_particle_limit = -1,
    check_beam_structure = 0,
    interrupt_file = %s.interrupt,
&end
11943  parameter values loaded
320 matrices (re)computed
Updating floor coordinates
tracking step 1
Starting point for closed orbit
4.622242e-05, 4.532292e-06, -2.101516e-07, -5.030293e-09, 0.000000e+00, 0.000000e+00
closed orbit: 
4.57918207e-05 4.37581547e-06 -2.01503224e-07 -5.65847417e-09 0.00000000e+00 0.00000000e+00 
periodic Twiss parameters (chromaticity valid for fully second-order calculation only!):
         beta          alpha           nu           eta          eta'       dnu/d(dp/p)   dbeta/(dp/p)     accept.
          m                          1/2pi           m                         1/2pi            m          mm-mrad
--------------------------------------------------------------------------------------------------------------------
  x:  4.988875e+00 -5.102817e-01  4.400426e+00  3.991164e+00  3.881994e-01  2.145980e+01  5.362226e+01  0.000000e+00
  y:  8.092760e+00  8.402060e-01  2.396497e+00 -1.791516e-02 -4.526169e-04 -2.199002e+01  6.318751e+01  0.000000e+00
generating bunch 1
tracking 1 particles
20 Feb 22 20:42:53: This step establishes energy profile vs s (fiducial beam).
20 Feb 22 20:42:53: Rf phases/references reset.
Post-tracking output completed.
Tracking step completed   ET:     00:00:00 CP:    0.19 BIO:0 DIO:0 PF:0 MEM:0


Saving lattice parameters to data/check_correction.param...done.
Finished tracking.
End of input data encountered.
statistics:    ET:     00:00:00 CP:    0.20 BIO:0 DIO:0 PF:0 MEM:0
=====================================================================================
Thanks for using elegant.  Please cite the following reference in your publications:
  M. Borland, "elegant: A Flexible SDDS-Compliant Code for Accelerator Simulation,"
  Advanced Photon Source LS-287, September 2000.
If you use a modified version, please indicate this in all publications.
=====================================================================================
